Arguments: 
  /usr/local/bin/node /usr/local/bin/yarn add webpack-resolver

PATH: 
  /home/xanjit/.local/bin:/home/xanjit/bin:/home/xanjit/.local/bin:/home/xanjit/bin:/usr/local/sbin:/usr/local/bin:/usr/sbin:/usr/bin:/sbin:/bin:/usr/games:/usr/local/games:/snap/bin:/home/xanjit/bin:/home/xanjit/bin

Yarn version: 
  1.22.11

Node version: 
  14.17.4

Platform: 
  linux x64

Trace: 
  Error: https://registry.yarnpkg.com/webpack-resolver: Not found
      at Request.params.callback [as _callback] (/usr/local/lib/node_modules/yarn/lib/cli.js:66992:18)
      at Request.self.callback (/usr/local/lib/node_modules/yarn/lib/cli.js:140763:22)
      at Request.emit (events.js:400:28)
      at Request.<anonymous> (/usr/local/lib/node_modules/yarn/lib/cli.js:141735:10)
      at Request.emit (events.js:400:28)
      at IncomingMessage.<anonymous> (/usr/local/lib/node_modules/yarn/lib/cli.js:141657:12)
      at Object.onceWrapper (events.js:519:28)
      at IncomingMessage.emit (events.js:412:35)
      at endReadableNT (internal/streams/readable.js:1317:12)
      at processTicksAndRejections (internal/process/task_queues.js:82:21)

npm manifest: 
  {
    "name": "server",
    "version": "1.0.0",
    "description": "",
    "main": "index.js",
    "scripts": {
      "build": "cd client && npm run build",
      "install-client": "cd client && npm install",
      "heroku-postbuild": "npm run install-client && npm run build",
      "server": "nodemon index.js",
      "dev": "concurrently --kill-others-on-fail \"npm run server\" \"npm run start --prefix client\"",
      "start": "concurrently --kill-others-on-fail \"npm run server\" \"npm run start --prefix client\""
    },
    "keywords": [],
    "author": "",
    "license": "ISC",
    "devDependencies": {
      "concurrently": "^6.2.1",
      "nodemon": "^2.0.12"
    },
    "dependencies": {
      "bcrypt": "^5.0.1",
      "child-process": "^1.0.2",
      "connect-mongo": "^4.4.1",
      "cors": "^2.8.5",
      "dotenv": "^10.0.0",
      "express": "^4.17.1",
      "express-session": "^1.17.2",
      "mongoose": "^5.13.3",
      "socket.io": "^4.1.3",
      "validator": "^13.6.0"
    }
  }

yarn manifest: 
  No manifest

Lockfile: 
  No lockfile
